2024-04-19T14:10:30.894+05:30  INFO 2680 --- [SpringBootInfytelApplication] [main] c.i.S.SpringBootInfytelApplication       : Starting SpringBootInfytelApplication using Java 22 with PID 2680 (C:\Users\cheruku.bhavana\Desktop\SpringLearning\SpringBootInfytelApplication\target\classes started by CHERUKU.BHAVANA in C:\Users\cheruku.bhavana\Desktop\SpringLearning\SpringBootInfytelApplication)
2024-04-19T14:10:30.899+05:30  INFO 2680 --- [SpringBootInfytelApplication] [main] c.i.S.SpringBootInfytelApplication       : No active profile set, falling back to 1 default profile: "default"
2024-04-19T14:10:32.354+05:30  INFO 2680 --- [SpringBootInfytelApplication] [main] c.i.S.SpringBootInfytelApplication       : Started SpringBootInfytelApplication in 2.103 seconds (process running for 3.02)
2024-04-19T14:14:21.452+05:30  INFO 9688 --- [SpringBootInfytelApplication] [main] c.i.S.SpringBootInfytelApplication       : Starting SpringBootInfytelApplication using Java 22 with PID 9688 (C:\Users\cheruku.bhavana\Desktop\SpringLearning\SpringBootInfytelApplication\target\classes started by CHERUKU.BHAVANA in C:\Users\cheruku.bhavana\Desktop\SpringLearning\SpringBootInfytelApplication)
2024-04-19T14:14:21.454+05:30  INFO 9688 --- [SpringBootInfytelApplication] [main] c.i.S.SpringBootInfytelApplication       : No active profile set, falling back to 1 default profile: "default"
2024-04-19T14:14:22.040+05:30  INFO 9688 --- [SpringBootInfytelApplication] [main] c.i.S.SpringBootInfytelApplication       : Started SpringBootInfytelApplication in 0.982 seconds (process running for 1.597)
2024-04-19T14:15:03.112+05:30  INFO 12892 --- [SpringBootInfytelApplication] [main] c.i.S.SpringBootInfytelApplication       : Starting SpringBootInfytelApplication using Java 22 with PID 12892 (C:\Users\cheruku.bhavana\Desktop\SpringLearning\SpringBootInfytelApplication\target\classes started by CHERUKU.BHAVANA in C:\Users\cheruku.bhavana\Desktop\SpringLearning\SpringBootInfytelApplication)
2024-04-19T14:15:03.114+05:30  INFO 12892 --- [SpringBootInfytelApplication] [main] c.i.S.SpringBootInfytelApplication       : No active profile set, falling back to 1 default profile: "default"
2024-04-19T14:15:03.674+05:30  INFO 12892 --- [SpringBootInfytelApplication] [main] c.i.S.SpringBootInfytelApplication       : Started SpringBootInfytelApplication in 0.957 seconds (process running for 1.598)
2024-04-19T14:16:41.472+05:30  INFO 10752 --- [SpringBootInfytelApplication] [main] c.i.S.SpringBootInfytelApplication       : Starting SpringBootInfytelApplication using Java 22 with PID 10752 (C:\Users\cheruku.bhavana\Desktop\SpringLearning\SpringBootInfytelApplication\target\classes started by CHERUKU.BHAVANA in C:\Users\cheruku.bhavana\Desktop\SpringLearning\SpringBootInfytelApplication)
2024-04-19T14:16:41.476+05:30  INFO 10752 --- [SpringBootInfytelApplication] [main] c.i.S.SpringBootInfytelApplication       : No active profile set, falling back to 1 default profile: "default"
2024-04-19T14:16:42.892+05:30  INFO 10752 --- [SpringBootInfytelApplication] [main] c.i.S.SpringBootInfytelApplication       : Started SpringBootInfytelApplication in 2.088 seconds (process running for 2.717)
2024-04-19T14:19:26.222+05:30  INFO 8628 --- [SpringBootInfytelApplication] [main] c.i.S.SpringBootInfytelApplication       : Starting SpringBootInfytelApplication using Java 22 with PID 8628 (C:\Users\cheruku.bhavana\Desktop\SpringLearning\SpringBootInfytelApplication\target\classes started by CHERUKU.BHAVANA in C:\Users\cheruku.bhavana\Desktop\SpringLearning\SpringBootInfytelApplication)
2024-04-19T14:19:26.224+05:30  INFO 8628 --- [SpringBootInfytelApplication] [main] c.i.S.SpringBootInfytelApplication       : No active profile set, falling back to 1 default profile: "default"
2024-04-19T14:19:26.790+05:30  INFO 8628 --- [SpringBootInfytelApplication] [main] c.i.S.SpringBootInfytelApplication       : Started SpringBootInfytelApplication in 1.029 seconds (process running for 1.618)
2024-04-19T14:22:24.352+05:30  INFO 10016 --- [SpringBootInfytelApplication] [main] c.i.S.SpringBootInfytelApplication       : Starting SpringBootInfytelApplication using Java 22 with PID 10016 (C:\Users\cheruku.bhavana\Desktop\SpringLearning\SpringBootInfytelApplication\target\classes started by CHERUKU.BHAVANA in C:\Users\cheruku.bhavana\Desktop\SpringLearning\SpringBootInfytelApplication)
2024-04-19T14:22:24.354+05:30  INFO 10016 --- [SpringBootInfytelApplication] [main] c.i.S.SpringBootInfytelApplication       : No active profile set, falling back to 1 default profile: "default"
2024-04-19T14:22:24.877+05:30  INFO 10016 --- [SpringBootInfytelApplication] [main] c.i.S.SpringBootInfytelApplication       : Started SpringBootInfytelApplication in 1.042 seconds (process running for 1.781)
2024-04-19T14:23:58.152+05:30  INFO 13516 --- [SpringBootInfytelApplication] [main] c.i.S.SpringBootInfytelApplication       : Starting SpringBootInfytelApplication using Java 22 with PID 13516 (C:\Users\cheruku.bhavana\Desktop\SpringLearning\SpringBootInfytelApplication\target\classes started by CHERUKU.BHAVANA in C:\Users\cheruku.bhavana\Desktop\SpringLearning\SpringBootInfytelApplication)
2024-04-19T14:23:58.155+05:30  INFO 13516 --- [SpringBootInfytelApplication] [main] c.i.S.SpringBootInfytelApplication       : No active profile set, falling back to 1 default profile: "default"
2024-04-19T14:23:58.681+05:30  INFO 13516 --- [SpringBootInfytelApplication] [main] c.i.S.SpringBootInfytelApplication       : Started SpringBootInfytelApplication in 0.958 seconds (process running for 1.584)
2024-04-19T14:26:01.253+05:30  INFO 11588 --- [SpringBootInfytelApplication] [main] c.i.S.SpringBootInfytelApplication       : Starting SpringBootInfytelApplication using Java 22 with PID 11588 (C:\Users\cheruku.bhavana\Desktop\SpringLearning\SpringBootInfytelApplication\target\classes started by CHERUKU.BHAVANA in C:\Users\cheruku.bhavana\Desktop\SpringLearning\SpringBootInfytelApplication)
2024-04-19T14:26:01.255+05:30  INFO 11588 --- [SpringBootInfytelApplication] [main] c.i.S.SpringBootInfytelApplication       : No active profile set, falling back to 1 default profile: "default"
2024-04-19T14:26:01.791+05:30  INFO 11588 --- [SpringBootInfytelApplication] [main] c.i.S.SpringBootInfytelApplication       : Started SpringBootInfytelApplication in 0.921 seconds (process running for 1.506)
2024-04-19T14:27:11.231+05:30  INFO 17012 --- [SpringBootInfytelApplication] [main] c.i.S.SpringBootInfytelApplication       : Starting SpringBootInfytelApplication using Java 22 with PID 17012 (C:\Users\cheruku.bhavana\Desktop\SpringLearning\SpringBootInfytelApplication\target\classes started by CHERUKU.BHAVANA in C:\Users\cheruku.bhavana\Desktop\SpringLearning\SpringBootInfytelApplication)
2024-04-19T14:27:11.235+05:30  INFO 17012 --- [SpringBootInfytelApplication] [main] c.i.S.SpringBootInfytelApplication       : No active profile set, falling back to 1 default profile: "default"
2024-04-19T14:27:12.307+05:30  INFO 17012 --- [SpringBootInfytelApplication] [main] c.i.S.SpringBootInfytelApplication       : Started SpringBootInfytelApplication in 1.894 seconds (process running for 3.136)
2024-04-19T14:27:12.313+05:30  INFO 17012 --- [SpringBootInfytelApplication] [main] c.i.S.SpringBootInfytelApplication       : Customer enrolled to plan!
2024-04-19T14:27:37.132+05:30  INFO 7832 --- [SpringBootInfytelApplication] [main] c.i.S.SpringBootInfytelApplication       : Starting SpringBootInfytelApplication using Java 22 with PID 7832 (C:\Users\cheruku.bhavana\Desktop\SpringLearning\SpringBootInfytelApplication\target\classes started by CHERUKU.BHAVANA in C:\Users\cheruku.bhavana\Desktop\SpringLearning\SpringBootInfytelApplication)
2024-04-19T14:27:37.134+05:30  INFO 7832 --- [SpringBootInfytelApplication] [main] c.i.S.SpringBootInfytelApplication       : No active profile set, falling back to 1 default profile: "default"
2024-04-19T14:27:37.673+05:30  INFO 7832 --- [SpringBootInfytelApplication] [main] c.i.S.SpringBootInfytelApplication       : Started SpringBootInfytelApplication in 0.922 seconds (process running for 1.5)
2024-04-19T14:27:37.677+05:30  INFO 7832 --- [SpringBootInfytelApplication] [main] c.i.S.SpringBootInfytelApplication       : Customer enrolled to plan!
2024-04-19T14:28:20.658+05:30  INFO 12208 --- [SpringBootInfytelApplication] [main] c.i.S.SpringBootInfytelApplication       : Starting SpringBootInfytelApplication using Java 22 with PID 12208 (C:\Users\cheruku.bhavana\Desktop\SpringLearning\SpringBootInfytelApplication\target\classes started by CHERUKU.BHAVANA in C:\Users\cheruku.bhavana\Desktop\SpringLearning\SpringBootInfytelApplication)
2024-04-19T14:28:20.660+05:30  INFO 12208 --- [SpringBootInfytelApplication] [main] c.i.S.SpringBootInfytelApplication       : No active profile set, falling back to 1 default profile: "default"
2024-04-19T14:28:21.185+05:30  INFO 12208 --- [SpringBootInfytelApplication] [main] c.i.S.SpringBootInfytelApplication       : Started SpringBootInfytelApplication in 0.92 seconds (process running for 1.513)
2024-04-19T14:28:21.189+05:30 ERROR 12208 --- [SpringBootInfytelApplication] [main] com.infy.bean.Customer                   : Customer not registered

com.infy.exception.InfytelException: Customer not registered
	at com.infy.bean.Customer.register(Customer.java:21) ~[classes/:na]
	at com.infy.SpringBootInfytelApplication.SpringBootInfytelApplication.main(SpringBootInfytelApplication.java:20) ~[classes/:na]

2024-04-19T14:28:21.194+05:30  INFO 12208 --- [SpringBootInfytelApplication] [main] c.i.S.SpringBootInfytelApplication       : Sorry, some exception occurred. Please check log file!
2024-04-19T14:28:41.500+05:30  INFO 6180 --- [SpringBootInfytelApplication] [main] c.i.S.SpringBootInfytelApplication       : Starting SpringBootInfytelApplication using Java 22 with PID 6180 (C:\Users\cheruku.bhavana\Desktop\SpringLearning\SpringBootInfytelApplication\target\classes started by CHERUKU.BHAVANA in C:\Users\cheruku.bhavana\Desktop\SpringLearning\SpringBootInfytelApplication)
2024-04-19T14:28:41.503+05:30  INFO 6180 --- [SpringBootInfytelApplication] [main] c.i.S.SpringBootInfytelApplication       : No active profile set, falling back to 1 default profile: "default"
2024-04-19T14:28:42.031+05:30  INFO 6180 --- [SpringBootInfytelApplication] [main] c.i.S.SpringBootInfytelApplication       : Started SpringBootInfytelApplication in 1.051 seconds (process running for 1.732)
2024-04-19T14:28:42.034+05:30 ERROR 6180 --- [SpringBootInfytelApplication] [main] com.infy.bean.Customer                   : Customer not registered

com.infy.exception.InfytelException: Customer not registered
	at com.infy.bean.Customer.register(Customer.java:21) ~[classes/:na]
	at com.infy.SpringBootInfytelApplication.SpringBootInfytelApplication.main(SpringBootInfytelApplication.java:20) ~[classes/:na]

2024-04-19T14:28:42.037+05:30  INFO 6180 --- [SpringBootInfytelApplication] [main] c.i.S.SpringBootInfytelApplication       : Sorry, some exception occurred. Please check log file!
2024-04-19T14:29:03.483+05:30  INFO 16160 --- [SpringBootInfytelApplication] [main] c.i.S.SpringBootInfytelApplication       : Starting SpringBootInfytelApplication using Java 22 with PID 16160 (C:\Users\cheruku.bhavana\Desktop\SpringLearning\SpringBootInfytelApplication\target\classes started by CHERUKU.BHAVANA in C:\Users\cheruku.bhavana\Desktop\SpringLearning\SpringBootInfytelApplication)
2024-04-19T14:29:03.486+05:30  INFO 16160 --- [SpringBootInfytelApplication] [main] c.i.S.SpringBootInfytelApplication       : No active profile set, falling back to 1 default profile: "default"
2024-04-19T14:29:04.054+05:30  INFO 16160 --- [SpringBootInfytelApplication] [main] c.i.S.SpringBootInfytelApplication       : Started SpringBootInfytelApplication in 0.96 seconds (process running for 1.586)
2024-04-19T14:29:04.057+05:30  INFO 16160 --- [SpringBootInfytelApplication] [main] c.i.S.SpringBootInfytelApplication       : Customer enrolled to plan!
2024-04-19T14:30:33.704+05:30  INFO 10152 --- [SpringBootInfytelApplication] [main] c.i.S.SpringBootInfytelApplication       : Starting SpringBootInfytelApplication using Java 22 with PID 10152 (C:\Users\cheruku.bhavana\Desktop\SpringLearning\SpringBootInfytelApplication\target\classes started by CHERUKU.BHAVANA in C:\Users\cheruku.bhavana\Desktop\SpringLearning\SpringBootInfytelApplication)
2024-04-19T14:30:33.706+05:30  INFO 10152 --- [SpringBootInfytelApplication] [main] c.i.S.SpringBootInfytelApplication       : No active profile set, falling back to 1 default profile: "default"
2024-04-19T14:30:34.259+05:30  INFO 10152 --- [SpringBootInfytelApplication] [main] c.i.S.SpringBootInfytelApplication       : Started SpringBootInfytelApplication in 0.948 seconds (process running for 1.56)
2024-04-19T14:30:34.264+05:30 ERROR 10152 --- [SpringBootInfytelApplication] [main] com.infy.bean.Customer                   : Customer not registered

com.infy.exception.InfytelException: Customer not registered
	at com.infy.bean.Customer.register(Customer.java:21) ~[classes/:na]
	at com.infy.SpringBootInfytelApplication.SpringBootInfytelApplication.main(SpringBootInfytelApplication.java:20) ~[classes/:na]

2024-04-19T14:30:34.266+05:30  INFO 10152 --- [SpringBootInfytelApplication] [main] c.i.S.SpringBootInfytelApplication       : Sorry, some exception occurred. Please check log file!
2024-04-19T14:31:07.188+05:30  INFO 2536 --- [SpringBootInfytelApplication] [main] c.i.S.SpringBootInfytelApplication       : Starting SpringBootInfytelApplication using Java 22 with PID 2536 (C:\Users\cheruku.bhavana\Desktop\SpringLearning\SpringBootInfytelApplication\target\classes started by CHERUKU.BHAVANA in C:\Users\cheruku.bhavana\Desktop\SpringLearning\SpringBootInfytelApplication)
2024-04-19T14:31:07.190+05:30  INFO 2536 --- [SpringBootInfytelApplication] [main] c.i.S.SpringBootInfytelApplication       : No active profile set, falling back to 1 default profile: "default"
2024-04-19T14:31:07.729+05:30  INFO 2536 --- [SpringBootInfytelApplication] [main] c.i.S.SpringBootInfytelApplication       : Started SpringBootInfytelApplication in 0.933 seconds (process running for 1.509)
2024-04-19T14:31:07.733+05:30  INFO 2536 --- [SpringBootInfytelApplication] [main] c.i.S.SpringBootInfytelApplication       : Customer enrolled to plan!
2024-04-19T15:41:13.386+05:30  INFO 5536 --- [SpringBootInfytelApplication] [main] c.i.S.SpringBootInfytelApplication       : Starting SpringBootInfytelApplication using Java 22 with PID 5536 (C:\Users\cheruku.bhavana\Desktop\SpringLearning\SpringBootInfytelApplication\target\classes started by CHERUKU.BHAVANA in C:\Users\cheruku.bhavana\Desktop\SpringLearning\SpringBootInfytelApplication)
2024-04-19T15:41:13.391+05:30  INFO 5536 --- [SpringBootInfytelApplication] [main] c.i.S.SpringBootInfytelApplication       : No active profile set, falling back to 1 default profile: "default"
2024-04-19T15:41:13.786+05:30  INFO 5536 --- [SpringBootInfytelApplication] [main] f.a.AutowiredAnnotationBeanPostProcessor : Autowired annotation is not supported on static fields: static com.infy.controller.CustomerLoginController com.infy.SpringBootInfytelApplication.SpringBootInfytelApplication.customerLoginController
2024-04-19T15:41:13.787+05:30  INFO 5536 --- [SpringBootInfytelApplication] [main] f.a.AutowiredAnnotationBeanPostProcessor : Autowired annotation is not supported on static fields: static org.springframework.core.env.Environment com.infy.SpringBootInfytelApplication.SpringBootInfytelApplication.environment
2024-04-19T15:41:13.892+05:30  INFO 5536 --- [SpringBootInfytelApplication] [main] c.i.S.SpringBootInfytelApplication       : Started SpringBootInfytelApplication in 1.026 seconds (process running for 1.799)
2024-04-19T15:44:30.722+05:30  INFO 8060 --- [SpringBootInfytelApplication] [main] c.i.S.SpringBootInfytelApplication       : Starting SpringBootInfytelApplication using Java 22 with PID 8060 (C:\Users\cheruku.bhavana\Desktop\SpringLearning\SpringBootInfytelApplication\target\classes started by CHERUKU.BHAVANA in C:\Users\cheruku.bhavana\Desktop\SpringLearning\SpringBootInfytelApplication)
2024-04-19T15:44:30.726+05:30  INFO 8060 --- [SpringBootInfytelApplication] [main] c.i.S.SpringBootInfytelApplication       : No active profile set, falling back to 1 default profile: "default"
2024-04-19T15:44:31.117+05:30  INFO 8060 --- [SpringBootInfytelApplication] [main] f.a.AutowiredAnnotationBeanPostProcessor : Autowired annotation is not supported on static fields: static org.springframework.core.env.Environment com.infy.SpringBootInfytelApplication.SpringBootInfytelApplication.environment
2024-04-19T15:44:31.223+05:30  INFO 8060 --- [SpringBootInfytelApplication] [main] c.i.S.SpringBootInfytelApplication       : Started SpringBootInfytelApplication in 0.948 seconds (process running for 1.712)
2024-04-19T15:46:17.647+05:30  INFO 9260 --- [SpringBootInfytelApplication] [main] c.i.S.SpringBootInfytelApplication       : Starting SpringBootInfytelApplication using Java 22 with PID 9260 (C:\Users\cheruku.bhavana\Desktop\SpringLearning\SpringBootInfytelApplication\target\classes started by CHERUKU.BHAVANA in C:\Users\cheruku.bhavana\Desktop\SpringLearning\SpringBootInfytelApplication)
2024-04-19T15:46:17.651+05:30  INFO 9260 --- [SpringBootInfytelApplication] [main] c.i.S.SpringBootInfytelApplication       : No active profile set, falling back to 1 default profile: "default"
2024-04-19T15:46:18.180+05:30  INFO 9260 --- [SpringBootInfytelApplication] [main] c.i.S.SpringBootInfytelApplication       : Started SpringBootInfytelApplication in 0.978 seconds (process running for 1.76)
2024-04-19T15:46:18.185+05:30  INFO 9260 --- [SpringBootInfytelApplication] [main] c.i.S.SpringBootInfytelApplication       : Customer Logged in successfully!
2024-04-19T15:46:59.600+05:30  INFO 10980 --- [SpringBootInfytelApplication] [main] c.i.S.SpringBootInfytelApplication       : Starting SpringBootInfytelApplication using Java 22 with PID 10980 (C:\Users\cheruku.bhavana\Desktop\SpringLearning\SpringBootInfytelApplication\target\classes started by CHERUKU.BHAVANA in C:\Users\cheruku.bhavana\Desktop\SpringLearning\SpringBootInfytelApplication)
2024-04-19T15:46:59.604+05:30  INFO 10980 --- [SpringBootInfytelApplication] [main] c.i.S.SpringBootInfytelApplication       : No active profile set, falling back to 1 default profile: "default"
2024-04-19T15:47:00.100+05:30  INFO 10980 --- [SpringBootInfytelApplication] [main] c.i.S.SpringBootInfytelApplication       : Started SpringBootInfytelApplication in 0.947 seconds (process running for 1.737)
2024-04-19T15:47:00.103+05:30 ERROR 10980 --- [SpringBootInfytelApplication] [main] c.i.s.CustomerLoginServiceImpl           : Service.WRONG_CREDENTIALS

com.infy.exception.InfytelException: Service.WRONG_CREDENTIALS
	at com.infy.service.CustomerLoginServiceImpl.authenticateCustomer(CustomerLoginServiceImpl.java:21) [classes/:?]
	at com.infy.controller.CustomerLoginController.authenticateCustomer(CustomerLoginController.java:14) [classes/:?]
	at com.infy.SpringBootInfytelApplication.SpringBootInfytelApplication.main(SpringBootInfytelApplication.java:43) [classes/:?]

2024-04-19T15:47:00.109+05:30 ERROR 10980 --- [SpringBootInfytelApplication] [main] c.i.S.SpringBootInfytelApplication       : Login denied. Invalid credentials.
2024-04-19T15:47:15.120+05:30  INFO 16780 --- [SpringBootInfytelApplication] [main] c.i.S.SpringBootInfytelApplication       : Starting SpringBootInfytelApplication using Java 22 with PID 16780 (C:\Users\cheruku.bhavana\Desktop\SpringLearning\SpringBootInfytelApplication\target\classes started by CHERUKU.BHAVANA in C:\Users\cheruku.bhavana\Desktop\SpringLearning\SpringBootInfytelApplication)
2024-04-19T15:47:15.124+05:30  INFO 16780 --- [SpringBootInfytelApplication] [main] c.i.S.SpringBootInfytelApplication       : No active profile set, falling back to 1 default profile: "default"
2024-04-19T15:47:15.658+05:30  INFO 16780 --- [SpringBootInfytelApplication] [main] c.i.S.SpringBootInfytelApplication       : Started SpringBootInfytelApplication in 0.977 seconds (process running for 1.813)
2024-04-19T15:47:15.661+05:30  INFO 16780 --- [SpringBootInfytelApplication] [main] c.i.S.SpringBootInfytelApplication       : Customer Logged in successfully!
